{"C:\\Users\\Jan\\Documents\\__Coding\\__GitHub\\wenn.js\\dist\\index.js":{"path":"C:\\Users\\Jan\\Documents\\__Coding\\__GitHub\\wenn.js\\dist\\index.js","s":{"1":1,"2":4,"3":6,"4":6,"5":1,"6":1,"7":1,"8":1,"9":1,"10":1,"11":1},"b":{"1":[6,0]},"f":{"1":4},"fnMap":{"1":{"name":"__export","line":2,"loc":{"start":{"line":2,"column":0},"end":{"line":2,"column":21}}}},"statementMap":{"1":{"start":{"line":2,"column":0},"end":{"line":4,"column":1}},"2":{"start":{"line":3,"column":4},"end":{"line":3,"column":71}},"3":{"start":{"line":3,"column":21},"end":{"line":3,"column":71}},"4":{"start":{"line":3,"column":53},"end":{"line":3,"column":71}},"5":{"start":{"line":5,"column":0},"end":{"line":5,"column":62}},"6":{"start":{"line":6,"column":0},"end":{"line":6,"column":42}},"7":{"start":{"line":7,"column":0},"end":{"line":7,"column":46}},"8":{"start":{"line":8,"column":0},"end":{"line":8,"column":48}},"9":{"start":{"line":9,"column":0},"end":{"line":9,"column":57}},"10":{"start":{"line":10,"column":0},"end":{"line":10,"column":43}},"11":{"start":{"line":11,"column":0},"end":{"line":11,"column":44}}},"branchMap":{"1":{"line":3,"type":"if","locations":[{"start":{"line":3,"column":21},"end":{"line":3,"column":21}},{"start":{"line":3,"column":21},"end":{"line":3,"column":21}}]}}},"C:\\Users\\Jan\\Documents\\__Coding\\__GitHub\\wenn.js\\dist\\internal\\wenn\\wenn.js":{"path":"C:\\Users\\Jan\\Documents\\__Coding\\__GitHub\\wenn.js\\dist\\internal\\wenn\\wenn.js","s":{"1":1,"2":1,"3":1,"4":1,"5":1,"6":14,"7":14,"8":14,"9":25,"10":25,"11":25,"12":25,"13":26,"14":3,"15":3,"16":26,"17":10,"18":4,"19":3,"20":1,"21":1},"b":{"1":[25,0],"2":[3,23],"3":[10,16],"4":[3,1]},"f":{"1":14},"fnMap":{"1":{"name":"wenn","line":17,"loc":{"start":{"line":17,"column":0},"end":{"line":17,"column":31}}}},"statementMap":{"1":{"start":{"line":2,"column":0},"end":{"line":2,"column":62}},"2":{"start":{"line":3,"column":0},"end":{"line":3,"column":39}},"3":{"start":{"line":4,"column":0},"end":{"line":4,"column":33}},"4":{"start":{"line":5,"column":0},"end":{"line":5,"column":37}},"5":{"start":{"line":17,"column":0},"end":{"line":40,"column":1}},"6":{"start":{"line":18,"column":4},"end":{"line":18,"column":17}},"7":{"start":{"line":19,"column":4},"end":{"line":19,"column":30}},"8":{"start":{"line":20,"column":4},"end":{"line":33,"column":5}},"9":{"start":{"line":21,"column":8},"end":{"line":21,"column":29}},"10":{"start":{"line":22,"column":8},"end":{"line":22,"column":28}},"11":{"start":{"line":23,"column":8},"end":{"line":23,"column":61}},"12":{"start":{"line":24,"column":8},"end":{"line":32,"column":9}},"13":{"start":{"line":25,"column":12},"end":{"line":28,"column":13}},"14":{"start":{"line":26,"column":16},"end":{"line":26,"column":32}},"15":{"start":{"line":27,"column":16},"end":{"line":27,"column":37}},"16":{"start":{"line":29,"column":12},"end":{"line":31,"column":13}},"17":{"start":{"line":30,"column":16},"end":{"line":30,"column":57}},"18":{"start":{"line":34,"column":4},"end":{"line":39,"column":5}},"19":{"start":{"line":35,"column":8},"end":{"line":35,"column":53}},"20":{"start":{"line":38,"column":8},"end":{"line":38,"column":41}},"21":{"start":{"line":41,"column":0},"end":{"line":41,"column":20}}},"branchMap":{"1":{"line":23,"type":"cond-expr","locations":[{"start":{"line":23,"column":47},"end":{"line":23,"column":51}},{"start":{"line":23,"column":54},"end":{"line":23,"column":60}}]},"2":{"line":25,"type":"if","locations":[{"start":{"line":25,"column":12},"end":{"line":25,"column":12}},{"start":{"line":25,"column":12},"end":{"line":25,"column":12}}]},"3":{"line":29,"type":"if","locations":[{"start":{"line":29,"column":12},"end":{"line":29,"column":12}},{"start":{"line":29,"column":12},"end":{"line":29,"column":12}}]},"4":{"line":34,"type":"if","locations":[{"start":{"line":34,"column":4},"end":{"line":34,"column":4}},{"start":{"line":34,"column":4},"end":{"line":34,"column":4}}]}}},"C:\\Users\\Jan\\Documents\\__Coding\\__GitHub\\wenn.js\\dist\\internal\\wenn\\symbols.js":{"path":"C:\\Users\\Jan\\Documents\\__Coding\\__GitHub\\wenn.js\\dist\\internal\\wenn\\symbols.js","s":{"1":1,"2":1,"3":1},"b":{},"f":{},"fnMap":{},"statementMap":{"1":{"start":{"line":2,"column":0},"end":{"line":2,"column":62}},"2":{"start":{"line":3,"column":0},"end":{"line":3,"column":34}},"3":{"start":{"line":4,"column":0},"end":{"line":4,"column":36}}},"branchMap":{}},"C:\\Users\\Jan\\Documents\\__Coding\\__GitHub\\wenn.js\\dist\\internal\\wenn\\util.js":{"path":"C:\\Users\\Jan\\Documents\\__Coding\\__GitHub\\wenn.js\\dist\\internal\\wenn\\util.js","s":{"1":1,"2":1,"3":1,"4":24,"5":1,"6":1,"7":42,"8":42,"9":1},"b":{"1":[12,12],"2":[42,23,25,19]},"f":{"1":24,"2":42},"fnMap":{"1":{"name":"applyOrReturn","line":4,"loc":{"start":{"line":4,"column":0},"end":{"line":4,"column":40}}},"2":{"name":"returnsTrueOrEquals","line":8,"loc":{"start":{"line":8,"column":0},"end":{"line":8,"column":42}}}},"statementMap":{"1":{"start":{"line":2,"column":0},"end":{"line":2,"column":62}},"2":{"start":{"line":3,"column":0},"end":{"line":3,"column":37}},"3":{"start":{"line":4,"column":0},"end":{"line":6,"column":1}},"4":{"start":{"line":5,"column":4},"end":{"line":5,"column":68}},"5":{"start":{"line":7,"column":0},"end":{"line":7,"column":38}},"6":{"start":{"line":8,"column":0},"end":{"line":11,"column":1}},"7":{"start":{"line":9,"column":4},"end":{"line":9,"column":46}},"8":{"start":{"line":10,"column":4},"end":{"line":10,"column":72}},"9":{"start":{"line":12,"column":0},"end":{"line":12,"column":50}}},"branchMap":{"1":{"line":5,"type":"cond-expr","locations":[{"start":{"line":5,"column":41},"end":{"line":5,"column":56}},{"start":{"line":5,"column":59},"end":{"line":5,"column":67}}]},"2":{"line":10,"type":"binary-expr","locations":[{"start":{"line":10,"column":12},"end":{"line":10,"column":21}},{"start":{"line":10,"column":25},"end":{"line":10,"column":36}},{"start":{"line":10,"column":42},"end":{"line":10,"column":52}},{"start":{"line":10,"column":56},"end":{"line":10,"column":70}}]}}},"C:\\Users\\Jan\\Documents\\__Coding\\__GitHub\\wenn.js\\dist\\util\\index.js":{"path":"C:\\Users\\Jan\\Documents\\__Coding\\__GitHub\\wenn.js\\dist\\util\\index.js","s":{"1":1,"2":1,"3":1,"4":1,"5":1,"6":1,"7":1,"8":1,"9":1,"10":1,"11":67,"12":1,"13":1,"14":1,"15":1,"16":1,"17":1,"18":1,"19":1,"20":10,"21":1,"22":1,"23":3,"24":3,"25":1,"26":1,"27":1,"28":1,"29":1,"30":1,"31":1,"32":1,"33":1,"34":1,"35":2,"36":1,"37":1,"38":1,"39":1,"40":1,"41":5,"42":1,"43":1,"44":3,"45":1,"46":1,"47":3,"48":3,"49":1,"50":1,"51":3,"52":3,"53":1,"54":1,"55":3,"56":3,"57":1,"58":1,"59":3,"60":1},"b":{"1":[1,1],"2":[3,3],"3":[1,1],"4":[1,1],"5":[3,3]},"f":{"1":1,"2":1,"3":67,"4":1,"5":1,"6":10,"7":3,"8":1,"9":1,"10":2,"11":1,"12":5,"13":3,"14":3,"15":3,"16":3,"17":3},"fnMap":{"1":{"name":"instanceOf","line":4,"loc":{"start":{"line":4,"column":0},"end":{"line":4,"column":30}}},"2":{"name":"typeOf","line":8,"loc":{"start":{"line":8,"column":0},"end":{"line":8,"column":22}}},"3":{"name":"isFunction","line":12,"loc":{"start":{"line":12,"column":0},"end":{"line":12,"column":27}}},"4":{"name":"isNumeric","line":16,"loc":{"start":{"line":16,"column":0},"end":{"line":16,"column":26}}},"5":{"name":"isUndefined","line":20,"loc":{"start":{"line":20,"column":0},"end":{"line":20,"column":28}}},"6":{"name":"isntUndefined","line":24,"loc":{"start":{"line":24,"column":0},"end":{"line":24,"column":30}}},"7":{"name":"startsWith","line":29,"loc":{"start":{"line":29,"column":0},"end":{"line":29,"column":28}}},"8":{"name":"includes","line":33,"loc":{"start":{"line":33,"column":0},"end":{"line":33,"column":29}}},"9":{"name":"endsWith","line":37,"loc":{"start":{"line":37,"column":0},"end":{"line":37,"column":26}}},"10":{"name":"isEven","line":42,"loc":{"start":{"line":42,"column":0},"end":{"line":42,"column":23}}},"11":{"name":"isOdd","line":46,"loc":{"start":{"line":46,"column":0},"end":{"line":46,"column":22}}},"12":{"name":"isPositive","line":54,"loc":{"start":{"line":54,"column":0},"end":{"line":54,"column":27}}},"13":{"name":"isNegative","line":62,"loc":{"start":{"line":62,"column":0},"end":{"line":62,"column":27}}},"14":{"name":"inRange","line":66,"loc":{"start":{"line":66,"column":0},"end":{"line":66,"column":27}}},"15":{"name":"inArray","line":71,"loc":{"start":{"line":71,"column":0},"end":{"line":71,"column":24}}},"16":{"name":"not","line":76,"loc":{"start":{"line":76,"column":0},"end":{"line":76,"column":17}}},"17":{"name":"always","line":80,"loc":{"start":{"line":80,"column":0},"end":{"line":80,"column":23}}}},"statementMap":{"1":{"start":{"line":3,"column":0},"end":{"line":3,"column":62}},"2":{"start":{"line":4,"column":0},"end":{"line":6,"column":1}},"3":{"start":{"line":5,"column":4},"end":{"line":5,"column":48}},"4":{"start":{"line":5,"column":22},"end":{"line":5,"column":47}},"5":{"start":{"line":7,"column":0},"end":{"line":7,"column":32}},"6":{"start":{"line":8,"column":0},"end":{"line":10,"column":1}},"7":{"start":{"line":9,"column":4},"end":{"line":9,"column":44}},"8":{"start":{"line":9,"column":22},"end":{"line":9,"column":43}},"9":{"start":{"line":11,"column":0},"end":{"line":11,"column":24}},"10":{"start":{"line":12,"column":0},"end":{"line":14,"column":1}},"11":{"start":{"line":13,"column":4},"end":{"line":13,"column":39}},"12":{"start":{"line":15,"column":0},"end":{"line":15,"column":32}},"13":{"start":{"line":16,"column":0},"end":{"line":18,"column":1}},"14":{"start":{"line":17,"column":4},"end":{"line":17,"column":56}},"15":{"start":{"line":19,"column":0},"end":{"line":19,"column":30}},"16":{"start":{"line":20,"column":0},"end":{"line":22,"column":1}},"17":{"start":{"line":21,"column":4},"end":{"line":21,"column":31}},"18":{"start":{"line":23,"column":0},"end":{"line":23,"column":34}},"19":{"start":{"line":24,"column":0},"end":{"line":26,"column":1}},"20":{"start":{"line":25,"column":4},"end":{"line":25,"column":31}},"21":{"start":{"line":27,"column":0},"end":{"line":27,"column":38}},"22":{"start":{"line":29,"column":0},"end":{"line":31,"column":1}},"23":{"start":{"line":30,"column":4},"end":{"line":30,"column":69}},"24":{"start":{"line":30,"column":22},"end":{"line":30,"column":68}},"25":{"start":{"line":32,"column":0},"end":{"line":32,"column":32}},"26":{"start":{"line":33,"column":0},"end":{"line":35,"column":1}},"27":{"start":{"line":34,"column":4},"end":{"line":34,"column":68}},"28":{"start":{"line":34,"column":22},"end":{"line":34,"column":67}},"29":{"start":{"line":36,"column":0},"end":{"line":36,"column":28}},"30":{"start":{"line":37,"column":0},"end":{"line":39,"column":1}},"31":{"start":{"line":38,"column":4},"end":{"line":38,"column":65}},"32":{"start":{"line":38,"column":22},"end":{"line":38,"column":64}},"33":{"start":{"line":40,"column":0},"end":{"line":40,"column":28}},"34":{"start":{"line":42,"column":0},"end":{"line":44,"column":1}},"35":{"start":{"line":43,"column":4},"end":{"line":43,"column":26}},"36":{"start":{"line":45,"column":0},"end":{"line":45,"column":24}},"37":{"start":{"line":46,"column":0},"end":{"line":48,"column":1}},"38":{"start":{"line":47,"column":4},"end":{"line":47,"column":26}},"39":{"start":{"line":49,"column":0},"end":{"line":49,"column":22}},"40":{"start":{"line":54,"column":0},"end":{"line":56,"column":1}},"41":{"start":{"line":55,"column":4},"end":{"line":55,"column":21}},"42":{"start":{"line":57,"column":0},"end":{"line":57,"column":32}},"43":{"start":{"line":62,"column":0},"end":{"line":64,"column":1}},"44":{"start":{"line":63,"column":4},"end":{"line":63,"column":21}},"45":{"start":{"line":65,"column":0},"end":{"line":65,"column":32}},"46":{"start":{"line":66,"column":0},"end":{"line":68,"column":1}},"47":{"start":{"line":67,"column":4},"end":{"line":67,"column":51}},"48":{"start":{"line":67,"column":22},"end":{"line":67,"column":50}},"49":{"start":{"line":69,"column":0},"end":{"line":69,"column":26}},"50":{"start":{"line":71,"column":0},"end":{"line":73,"column":1}},"51":{"start":{"line":72,"column":4},"end":{"line":72,"column":50}},"52":{"start":{"line":72,"column":22},"end":{"line":72,"column":49}},"53":{"start":{"line":74,"column":0},"end":{"line":74,"column":26}},"54":{"start":{"line":76,"column":0},"end":{"line":78,"column":1}},"55":{"start":{"line":77,"column":4},"end":{"line":77,"column":35}},"56":{"start":{"line":77,"column":22},"end":{"line":77,"column":34}},"57":{"start":{"line":79,"column":0},"end":{"line":79,"column":18}},"58":{"start":{"line":80,"column":0},"end":{"line":82,"column":1}},"59":{"start":{"line":81,"column":4},"end":{"line":81,"column":16}},"60":{"start":{"line":83,"column":0},"end":{"line":83,"column":24}}},"branchMap":{"1":{"line":17,"type":"binary-expr","locations":[{"start":{"line":17,"column":11},"end":{"line":17,"column":36}},{"start":{"line":17,"column":40},"end":{"line":17,"column":55}}]},"2":{"line":30,"type":"binary-expr","locations":[{"start":{"line":30,"column":22},"end":{"line":30,"column":40}},{"start":{"line":30,"column":44},"end":{"line":30,"column":68}}]},"3":{"line":34,"type":"binary-expr","locations":[{"start":{"line":34,"column":22},"end":{"line":34,"column":38}},{"start":{"line":34,"column":42},"end":{"line":34,"column":67}}]},"4":{"line":38,"type":"binary-expr","locations":[{"start":{"line":38,"column":22},"end":{"line":38,"column":38}},{"start":{"line":38,"column":42},"end":{"line":38,"column":64}}]},"5":{"line":67,"type":"binary-expr","locations":[{"start":{"line":67,"column":22},"end":{"line":67,"column":34}},{"start":{"line":67,"column":38},"end":{"line":67,"column":50}}]}}},"C:\\Users\\Jan\\Documents\\__Coding\\__GitHub\\wenn.js\\dist\\internal\\wenn\\errors.js":{"path":"C:\\Users\\Jan\\Documents\\__Coding\\__GitHub\\wenn.js\\dist\\internal\\wenn\\errors.js","s":{"1":1,"2":1,"3":1},"b":{},"f":{"1":1},"fnMap":{"1":{"name":"(anonymous_1)","line":4,"loc":{"start":{"line":4,"column":15},"end":{"line":4,"column":18}}}},"statementMap":{"1":{"start":{"line":2,"column":0},"end":{"line":2,"column":62}},"2":{"start":{"line":5,"column":8},"end":{"line":5,"column":126}},"3":{"start":{"line":8,"column":0},"end":{"line":8,"column":34}}},"branchMap":{}},"C:\\Users\\Jan\\Documents\\__Coding\\__GitHub\\wenn.js\\dist\\internal\\wenn\\keywords.js":{"path":"C:\\Users\\Jan\\Documents\\__Coding\\__GitHub\\wenn.js\\dist\\internal\\wenn\\keywords.js","s":{"1":1,"2":1,"3":1,"4":1,"5":11,"6":1,"7":1,"8":42,"9":1,"10":1,"11":2,"12":1},"b":{},"f":{"1":11,"2":42,"3":2},"fnMap":{"1":{"name":"Else","line":11,"loc":{"start":{"line":11,"column":0},"end":{"line":11,"column":20}}},"2":{"name":"Case","line":21,"loc":{"start":{"line":21,"column":0},"end":{"line":21,"column":23}}},"3":{"name":"Break","line":25,"loc":{"start":{"line":25,"column":0},"end":{"line":25,"column":17}}}},"statementMap":{"1":{"start":{"line":2,"column":0},"end":{"line":2,"column":62}},"2":{"start":{"line":3,"column":0},"end":{"line":3,"column":39}},"3":{"start":{"line":4,"column":0},"end":{"line":4,"column":39}},"4":{"start":{"line":11,"column":0},"end":{"line":13,"column":1}},"5":{"start":{"line":12,"column":4},"end":{"line":12,"column":66}},"6":{"start":{"line":14,"column":0},"end":{"line":14,"column":20}},"7":{"start":{"line":21,"column":0},"end":{"line":23,"column":1}},"8":{"start":{"line":22,"column":4},"end":{"line":22,"column":43}},"9":{"start":{"line":24,"column":0},"end":{"line":24,"column":20}},"10":{"start":{"line":25,"column":0},"end":{"line":27,"column":1}},"11":{"start":{"line":26,"column":4},"end":{"line":26,"column":72}},"12":{"start":{"line":28,"column":0},"end":{"line":28,"column":22}}},"branchMap":{}},"C:\\Users\\Jan\\Documents\\__Coding\\__GitHub\\wenn.js\\dist\\internal\\wenn\\classes.js":{"path":"C:\\Users\\Jan\\Documents\\__Coding\\__GitHub\\wenn.js\\dist\\internal\\wenn\\classes.js","s":{"1":1,"2":54,"3":54,"4":1,"5":55,"6":54,"7":1},"b":{},"f":{"1":54,"2":55,"3":54},"fnMap":{"1":{"name":"(anonymous_1)","line":4,"loc":{"start":{"line":4,"column":15},"end":{"line":4,"column":29}}},"2":{"name":"(anonymous_2)","line":11,"loc":{"start":{"line":11,"column":15},"end":{"line":11,"column":23}}},"3":{"name":"(anonymous_3)","line":14,"loc":{"start":{"line":14,"column":8},"end":{"line":14,"column":15}}}},"statementMap":{"1":{"start":{"line":2,"column":0},"end":{"line":2,"column":62}},"2":{"start":{"line":5,"column":8},"end":{"line":5,"column":27}},"3":{"start":{"line":6,"column":8},"end":{"line":6,"column":25}},"4":{"start":{"line":9,"column":0},"end":{"line":9,"column":28}},"5":{"start":{"line":12,"column":8},"end":{"line":12,"column":27}},"6":{"start":{"line":15,"column":8},"end":{"line":15,"column":46}},"7":{"start":{"line":18,"column":0},"end":{"line":18,"column":34}}},"branchMap":{}},"C:\\Users\\Jan\\Documents\\__Coding\\__GitHub\\wenn.js\\dist\\internal\\wenn\\wenn.chain.js":{"path":"C:\\Users\\Jan\\Documents\\__Coding\\__GitHub\\wenn.js\\dist\\internal\\wenn\\wenn.chain.js","s":{"1":1,"2":1,"3":1,"4":1,"5":1,"6":5,"7":5,"8":5,"9":5,"10":5,"11":17,"12":17,"13":17,"14":17,"15":17,"16":0,"17":0,"18":17,"19":1,"20":16,"21":11,"22":11,"23":4,"24":4,"25":0,"26":0,"27":0,"28":1},"b":{"1":[17,0],"2":[0,17],"3":[1,16],"4":[17,10],"5":[11,5],"6":[4,0],"7":[0,0]},"f":{"1":5},"fnMap":{"1":{"name":"wennChain","line":26,"loc":{"start":{"line":26,"column":0},"end":{"line":26,"column":36}}}},"statementMap":{"1":{"start":{"line":2,"column":0},"end":{"line":2,"column":62}},"2":{"start":{"line":3,"column":0},"end":{"line":3,"column":39}},"3":{"start":{"line":4,"column":0},"end":{"line":4,"column":33}},"4":{"start":{"line":5,"column":0},"end":{"line":5,"column":37}},"5":{"start":{"line":26,"column":0},"end":{"line":58,"column":1}},"6":{"start":{"line":27,"column":4},"end":{"line":27,"column":26}},"7":{"start":{"line":28,"column":4},"end":{"line":28,"column":27}},"8":{"start":{"line":29,"column":4},"end":{"line":29,"column":17}},"9":{"start":{"line":30,"column":4},"end":{"line":30,"column":30}},"10":{"start":{"line":31,"column":4},"end":{"line":48,"column":5}},"11":{"start":{"line":32,"column":8},"end":{"line":32,"column":29}},"12":{"start":{"line":33,"column":8},"end":{"line":33,"column":28}},"13":{"start":{"line":34,"column":8},"end":{"line":34,"column":61}},"14":{"start":{"line":35,"column":8},"end":{"line":47,"column":9}},"15":{"start":{"line":36,"column":12},"end":{"line":39,"column":13}},"16":{"start":{"line":37,"column":16},"end":{"line":37,"column":32}},"17":{"start":{"line":38,"column":16},"end":{"line":38,"column":37}},"18":{"start":{"line":40,"column":12},"end":{"line":42,"column":13}},"19":{"start":{"line":41,"column":16},"end":{"line":41,"column":33}},"20":{"start":{"line":43,"column":12},"end":{"line":46,"column":13}},"21":{"start":{"line":44,"column":16},"end":{"line":44,"column":66}},"22":{"start":{"line":45,"column":16},"end":{"line":45,"column":34}},"23":{"start":{"line":49,"column":4},"end":{"line":57,"column":5}},"24":{"start":{"line":50,"column":8},"end":{"line":50,"column":25}},"25":{"start":{"line":52,"column":9},"end":{"line":57,"column":5}},"26":{"start":{"line":53,"column":8},"end":{"line":53,"column":53}},"27":{"start":{"line":56,"column":8},"end":{"line":56,"column":41}},"28":{"start":{"line":59,"column":0},"end":{"line":59,"column":30}}},"branchMap":{"1":{"line":34,"type":"cond-expr","locations":[{"start":{"line":34,"column":47},"end":{"line":34,"column":51}},{"start":{"line":34,"column":54},"end":{"line":34,"column":60}}]},"2":{"line":36,"type":"if","locations":[{"start":{"line":36,"column":12},"end":{"line":36,"column":12}},{"start":{"line":36,"column":12},"end":{"line":36,"column":12}}]},"3":{"line":40,"type":"if","locations":[{"start":{"line":40,"column":12},"end":{"line":40,"column":12}},{"start":{"line":40,"column":12},"end":{"line":40,"column":12}}]},"4":{"line":40,"type":"binary-expr","locations":[{"start":{"line":40,"column":16},"end":{"line":40,"column":26}},{"start":{"line":40,"column":30},"end":{"line":40,"column":57}}]},"5":{"line":43,"type":"if","locations":[{"start":{"line":43,"column":12},"end":{"line":43,"column":12}},{"start":{"line":43,"column":12},"end":{"line":43,"column":12}}]},"6":{"line":49,"type":"if","locations":[{"start":{"line":49,"column":4},"end":{"line":49,"column":4}},{"start":{"line":49,"column":4},"end":{"line":49,"column":4}}]},"7":{"line":52,"type":"if","locations":[{"start":{"line":52,"column":9},"end":{"line":52,"column":9}},{"start":{"line":52,"column":9},"end":{"line":52,"column":9}}]}}},"C:\\Users\\Jan\\Documents\\__Coding\\__GitHub\\wenn.js\\dist\\internal\\wenn\\wenn.elvis.js":{"path":"C:\\Users\\Jan\\Documents\\__Coding\\__GitHub\\wenn.js\\dist\\internal\\wenn\\wenn.elvis.js","s":{"1":1,"2":1,"3":1,"4":1,"5":1,"6":3,"7":9,"8":1,"9":1,"10":7,"11":14,"12":1,"13":1,"14":7,"15":5,"16":1},"b":{"1":[6,3],"2":[7,0],"3":[14,14]},"f":{"1":3,"2":7,"3":7},"fnMap":{"1":{"name":"wennElvis","line":16,"loc":{"start":{"line":16,"column":0},"end":{"line":16,"column":36}}},"2":{"name":"elvis","line":27,"loc":{"start":{"line":27,"column":0},"end":{"line":27,"column":29}}},"3":{"name":"elvisCurried","line":36,"loc":{"start":{"line":36,"column":0},"end":{"line":36,"column":28}}}},"statementMap":{"1":{"start":{"line":2,"column":0},"end":{"line":2,"column":62}},"2":{"start":{"line":3,"column":0},"end":{"line":3,"column":45}},"3":{"start":{"line":4,"column":0},"end":{"line":4,"column":37}},"4":{"start":{"line":5,"column":0},"end":{"line":5,"column":41}},"5":{"start":{"line":16,"column":0},"end":{"line":20,"column":1}},"6":{"start":{"line":17,"column":4},"end":{"line":19,"column":31}},"7":{"start":{"line":17,"column":59},"end":{"line":19,"column":28}},"8":{"start":{"line":21,"column":0},"end":{"line":21,"column":30}},"9":{"start":{"line":27,"column":0},"end":{"line":30,"column":1}},"10":{"start":{"line":29,"column":4},"end":{"line":29,"column":95}},"11":{"start":{"line":29,"column":57},"end":{"line":29,"column":76}},"12":{"start":{"line":31,"column":0},"end":{"line":31,"column":22}},"13":{"start":{"line":36,"column":0},"end":{"line":38,"column":1}},"14":{"start":{"line":37,"column":4},"end":{"line":37,"column":41}},"15":{"start":{"line":37,"column":21},"end":{"line":37,"column":40}},"16":{"start":{"line":39,"column":0},"end":{"line":39,"column":36}}},"branchMap":{"1":{"line":18,"type":"cond-expr","locations":[{"start":{"line":19,"column":8},"end":{"line":19,"column":23}},{"start":{"line":19,"column":26},"end":{"line":19,"column":27}}]},"2":{"line":29,"type":"cond-expr","locations":[{"start":{"line":29,"column":18},"end":{"line":29,"column":85}},{"start":{"line":29,"column":88},"end":{"line":29,"column":94}}]},"3":{"line":29,"type":"binary-expr","locations":[{"start":{"line":29,"column":57},"end":{"line":29,"column":62}},{"start":{"line":29,"column":66},"end":{"line":29,"column":76}}]}}}}