{"C:\\Users\\Jan\\Documents\\__Coding\\__GitHub\\wenn.js\\dist\\index.js":{"path":"C:\\Users\\Jan\\Documents\\__Coding\\__GitHub\\wenn.js\\dist\\index.js","s":{"1":1,"2":3,"3":4,"4":4,"5":1,"6":1,"7":1,"8":1},"b":{"1":[4,0]},"f":{"1":3},"fnMap":{"1":{"name":"__export","line":2,"loc":{"start":{"line":2,"column":0},"end":{"line":2,"column":21}}}},"statementMap":{"1":{"start":{"line":2,"column":0},"end":{"line":4,"column":1}},"2":{"start":{"line":3,"column":4},"end":{"line":3,"column":71}},"3":{"start":{"line":3,"column":21},"end":{"line":3,"column":71}},"4":{"start":{"line":3,"column":53},"end":{"line":3,"column":71}},"5":{"start":{"line":5,"column":0},"end":{"line":5,"column":62}},"6":{"start":{"line":6,"column":0},"end":{"line":6,"column":42}},"7":{"start":{"line":7,"column":0},"end":{"line":7,"column":46}},"8":{"start":{"line":8,"column":0},"end":{"line":8,"column":44}}},"branchMap":{"1":{"line":3,"type":"if","locations":[{"start":{"line":3,"column":21},"end":{"line":3,"column":21}},{"start":{"line":3,"column":21},"end":{"line":3,"column":21}}]}}},"C:\\Users\\Jan\\Documents\\__Coding\\__GitHub\\wenn.js\\dist\\internal\\wenn\\wenn.js":{"path":"C:\\Users\\Jan\\Documents\\__Coding\\__GitHub\\wenn.js\\dist\\internal\\wenn\\wenn.js","s":{"1":1,"2":1,"3":1,"4":1,"5":14,"6":14,"7":14,"8":25,"9":25,"10":25,"11":25,"12":26,"13":3,"14":3,"15":26,"16":10,"17":4,"18":3,"19":1,"20":1},"b":{"1":[25,0],"2":[3,23],"3":[10,16],"4":[3,1]},"f":{"1":14},"fnMap":{"1":{"name":"wenn","line":5,"loc":{"start":{"line":5,"column":0},"end":{"line":5,"column":31}}}},"statementMap":{"1":{"start":{"line":2,"column":0},"end":{"line":2,"column":62}},"2":{"start":{"line":3,"column":0},"end":{"line":3,"column":39}},"3":{"start":{"line":4,"column":0},"end":{"line":4,"column":33}},"4":{"start":{"line":5,"column":0},"end":{"line":28,"column":1}},"5":{"start":{"line":6,"column":4},"end":{"line":6,"column":17}},"6":{"start":{"line":7,"column":4},"end":{"line":7,"column":30}},"7":{"start":{"line":8,"column":4},"end":{"line":21,"column":5}},"8":{"start":{"line":9,"column":8},"end":{"line":9,"column":29}},"9":{"start":{"line":10,"column":8},"end":{"line":10,"column":28}},"10":{"start":{"line":11,"column":8},"end":{"line":11,"column":61}},"11":{"start":{"line":12,"column":8},"end":{"line":20,"column":9}},"12":{"start":{"line":13,"column":12},"end":{"line":16,"column":13}},"13":{"start":{"line":14,"column":16},"end":{"line":14,"column":32}},"14":{"start":{"line":15,"column":16},"end":{"line":15,"column":37}},"15":{"start":{"line":17,"column":12},"end":{"line":19,"column":13}},"16":{"start":{"line":18,"column":16},"end":{"line":18,"column":57}},"17":{"start":{"line":22,"column":4},"end":{"line":27,"column":5}},"18":{"start":{"line":23,"column":8},"end":{"line":23,"column":53}},"19":{"start":{"line":26,"column":8},"end":{"line":26,"column":131}},"20":{"start":{"line":29,"column":0},"end":{"line":29,"column":20}}},"branchMap":{"1":{"line":11,"type":"cond-expr","locations":[{"start":{"line":11,"column":47},"end":{"line":11,"column":51}},{"start":{"line":11,"column":54},"end":{"line":11,"column":60}}]},"2":{"line":13,"type":"if","locations":[{"start":{"line":13,"column":12},"end":{"line":13,"column":12}},{"start":{"line":13,"column":12},"end":{"line":13,"column":12}}]},"3":{"line":17,"type":"if","locations":[{"start":{"line":17,"column":12},"end":{"line":17,"column":12}},{"start":{"line":17,"column":12},"end":{"line":17,"column":12}}]},"4":{"line":22,"type":"if","locations":[{"start":{"line":22,"column":4},"end":{"line":22,"column":4}},{"start":{"line":22,"column":4},"end":{"line":22,"column":4}}]}}},"C:\\Users\\Jan\\Documents\\__Coding\\__GitHub\\wenn.js\\dist\\internal\\wenn\\symbols.js":{"path":"C:\\Users\\Jan\\Documents\\__Coding\\__GitHub\\wenn.js\\dist\\internal\\wenn\\symbols.js","s":{"1":1,"2":1},"b":{},"f":{},"fnMap":{},"statementMap":{"1":{"start":{"line":2,"column":0},"end":{"line":2,"column":62}},"2":{"start":{"line":3,"column":0},"end":{"line":3,"column":34}}},"branchMap":{}},"C:\\Users\\Jan\\Documents\\__Coding\\__GitHub\\wenn.js\\dist\\internal\\wenn\\util.js":{"path":"C:\\Users\\Jan\\Documents\\__Coding\\__GitHub\\wenn.js\\dist\\internal\\wenn\\util.js","s":{"1":1,"2":1,"3":1,"4":13,"5":1,"6":1,"7":26,"8":26,"9":1},"b":{"1":[1,12],"2":[26,8,20,18]},"f":{"1":13,"2":26},"fnMap":{"1":{"name":"applyOrReturn","line":4,"loc":{"start":{"line":4,"column":0},"end":{"line":4,"column":40}}},"2":{"name":"returnsTrueOrEquals","line":8,"loc":{"start":{"line":8,"column":0},"end":{"line":8,"column":42}}}},"statementMap":{"1":{"start":{"line":2,"column":0},"end":{"line":2,"column":62}},"2":{"start":{"line":3,"column":0},"end":{"line":3,"column":37}},"3":{"start":{"line":4,"column":0},"end":{"line":6,"column":1}},"4":{"start":{"line":5,"column":4},"end":{"line":5,"column":68}},"5":{"start":{"line":7,"column":0},"end":{"line":7,"column":38}},"6":{"start":{"line":8,"column":0},"end":{"line":11,"column":1}},"7":{"start":{"line":9,"column":4},"end":{"line":9,"column":46}},"8":{"start":{"line":10,"column":4},"end":{"line":10,"column":72}},"9":{"start":{"line":12,"column":0},"end":{"line":12,"column":50}}},"branchMap":{"1":{"line":5,"type":"cond-expr","locations":[{"start":{"line":5,"column":41},"end":{"line":5,"column":56}},{"start":{"line":5,"column":59},"end":{"line":5,"column":67}}]},"2":{"line":10,"type":"binary-expr","locations":[{"start":{"line":10,"column":12},"end":{"line":10,"column":21}},{"start":{"line":10,"column":25},"end":{"line":10,"column":36}},{"start":{"line":10,"column":42},"end":{"line":10,"column":52}},{"start":{"line":10,"column":56},"end":{"line":10,"column":70}}]}}},"C:\\Users\\Jan\\Documents\\__Coding\\__GitHub\\wenn.js\\dist\\util\\index.js":{"path":"C:\\Users\\Jan\\Documents\\__Coding\\__GitHub\\wenn.js\\dist\\util\\index.js","s":{"1":1,"2":1,"3":1,"4":1,"5":1,"6":1,"7":1,"8":1,"9":1,"10":1,"11":40,"12":1,"13":1,"14":1,"15":1,"16":1,"17":3,"18":3,"19":1,"20":1,"21":1,"22":1,"23":1,"24":1,"25":1,"26":1,"27":1,"28":1,"29":2,"30":1,"31":1,"32":1,"33":1,"34":1,"35":3,"36":1,"37":1,"38":2,"39":1,"40":1,"41":3,"42":3,"43":1,"44":1,"45":3,"46":3,"47":1,"48":1,"49":3,"50":3,"51":1},"b":{"1":[1,1],"2":[3,3],"3":[1,1],"4":[1,1],"5":[3,3]},"f":{"1":1,"2":1,"3":40,"4":1,"5":3,"6":1,"7":1,"8":2,"9":1,"10":3,"11":2,"12":3,"13":3,"14":3},"fnMap":{"1":{"name":"instanceOf","line":4,"loc":{"start":{"line":4,"column":0},"end":{"line":4,"column":30}}},"2":{"name":"typeOf","line":8,"loc":{"start":{"line":8,"column":0},"end":{"line":8,"column":22}}},"3":{"name":"isFunction","line":12,"loc":{"start":{"line":12,"column":0},"end":{"line":12,"column":27}}},"4":{"name":"isNumeric","line":16,"loc":{"start":{"line":16,"column":0},"end":{"line":16,"column":26}}},"5":{"name":"startsWith","line":21,"loc":{"start":{"line":21,"column":0},"end":{"line":21,"column":28}}},"6":{"name":"includes","line":25,"loc":{"start":{"line":25,"column":0},"end":{"line":25,"column":29}}},"7":{"name":"endsWith","line":29,"loc":{"start":{"line":29,"column":0},"end":{"line":29,"column":26}}},"8":{"name":"isEven","line":34,"loc":{"start":{"line":34,"column":0},"end":{"line":34,"column":23}}},"9":{"name":"isOdd","line":38,"loc":{"start":{"line":38,"column":0},"end":{"line":38,"column":22}}},"10":{"name":"isPositive","line":42,"loc":{"start":{"line":42,"column":0},"end":{"line":42,"column":27}}},"11":{"name":"isNegative","line":46,"loc":{"start":{"line":46,"column":0},"end":{"line":46,"column":27}}},"12":{"name":"inRange","line":50,"loc":{"start":{"line":50,"column":0},"end":{"line":50,"column":27}}},"13":{"name":"inArray","line":55,"loc":{"start":{"line":55,"column":0},"end":{"line":55,"column":24}}},"14":{"name":"not","line":60,"loc":{"start":{"line":60,"column":0},"end":{"line":60,"column":17}}}},"statementMap":{"1":{"start":{"line":3,"column":0},"end":{"line":3,"column":62}},"2":{"start":{"line":4,"column":0},"end":{"line":6,"column":1}},"3":{"start":{"line":5,"column":4},"end":{"line":5,"column":48}},"4":{"start":{"line":5,"column":22},"end":{"line":5,"column":47}},"5":{"start":{"line":7,"column":0},"end":{"line":7,"column":32}},"6":{"start":{"line":8,"column":0},"end":{"line":10,"column":1}},"7":{"start":{"line":9,"column":4},"end":{"line":9,"column":44}},"8":{"start":{"line":9,"column":22},"end":{"line":9,"column":43}},"9":{"start":{"line":11,"column":0},"end":{"line":11,"column":24}},"10":{"start":{"line":12,"column":0},"end":{"line":14,"column":1}},"11":{"start":{"line":13,"column":4},"end":{"line":13,"column":39}},"12":{"start":{"line":15,"column":0},"end":{"line":15,"column":32}},"13":{"start":{"line":16,"column":0},"end":{"line":18,"column":1}},"14":{"start":{"line":17,"column":4},"end":{"line":17,"column":56}},"15":{"start":{"line":19,"column":0},"end":{"line":19,"column":30}},"16":{"start":{"line":21,"column":0},"end":{"line":23,"column":1}},"17":{"start":{"line":22,"column":4},"end":{"line":22,"column":69}},"18":{"start":{"line":22,"column":22},"end":{"line":22,"column":68}},"19":{"start":{"line":24,"column":0},"end":{"line":24,"column":32}},"20":{"start":{"line":25,"column":0},"end":{"line":27,"column":1}},"21":{"start":{"line":26,"column":4},"end":{"line":26,"column":68}},"22":{"start":{"line":26,"column":22},"end":{"line":26,"column":67}},"23":{"start":{"line":28,"column":0},"end":{"line":28,"column":28}},"24":{"start":{"line":29,"column":0},"end":{"line":31,"column":1}},"25":{"start":{"line":30,"column":4},"end":{"line":30,"column":65}},"26":{"start":{"line":30,"column":22},"end":{"line":30,"column":64}},"27":{"start":{"line":32,"column":0},"end":{"line":32,"column":28}},"28":{"start":{"line":34,"column":0},"end":{"line":36,"column":1}},"29":{"start":{"line":35,"column":4},"end":{"line":35,"column":26}},"30":{"start":{"line":37,"column":0},"end":{"line":37,"column":24}},"31":{"start":{"line":38,"column":0},"end":{"line":40,"column":1}},"32":{"start":{"line":39,"column":4},"end":{"line":39,"column":26}},"33":{"start":{"line":41,"column":0},"end":{"line":41,"column":22}},"34":{"start":{"line":42,"column":0},"end":{"line":44,"column":1}},"35":{"start":{"line":43,"column":4},"end":{"line":43,"column":21}},"36":{"start":{"line":45,"column":0},"end":{"line":45,"column":32}},"37":{"start":{"line":46,"column":0},"end":{"line":48,"column":1}},"38":{"start":{"line":47,"column":4},"end":{"line":47,"column":21}},"39":{"start":{"line":49,"column":0},"end":{"line":49,"column":32}},"40":{"start":{"line":50,"column":0},"end":{"line":52,"column":1}},"41":{"start":{"line":51,"column":4},"end":{"line":51,"column":51}},"42":{"start":{"line":51,"column":22},"end":{"line":51,"column":50}},"43":{"start":{"line":53,"column":0},"end":{"line":53,"column":26}},"44":{"start":{"line":55,"column":0},"end":{"line":57,"column":1}},"45":{"start":{"line":56,"column":4},"end":{"line":56,"column":50}},"46":{"start":{"line":56,"column":22},"end":{"line":56,"column":49}},"47":{"start":{"line":58,"column":0},"end":{"line":58,"column":26}},"48":{"start":{"line":60,"column":0},"end":{"line":62,"column":1}},"49":{"start":{"line":61,"column":4},"end":{"line":61,"column":33}},"50":{"start":{"line":61,"column":22},"end":{"line":61,"column":32}},"51":{"start":{"line":63,"column":0},"end":{"line":63,"column":18}}},"branchMap":{"1":{"line":17,"type":"binary-expr","locations":[{"start":{"line":17,"column":11},"end":{"line":17,"column":36}},{"start":{"line":17,"column":40},"end":{"line":17,"column":55}}]},"2":{"line":22,"type":"binary-expr","locations":[{"start":{"line":22,"column":22},"end":{"line":22,"column":40}},{"start":{"line":22,"column":44},"end":{"line":22,"column":68}}]},"3":{"line":26,"type":"binary-expr","locations":[{"start":{"line":26,"column":22},"end":{"line":26,"column":38}},{"start":{"line":26,"column":42},"end":{"line":26,"column":67}}]},"4":{"line":30,"type":"binary-expr","locations":[{"start":{"line":30,"column":22},"end":{"line":30,"column":38}},{"start":{"line":30,"column":42},"end":{"line":30,"column":64}}]},"5":{"line":51,"type":"binary-expr","locations":[{"start":{"line":51,"column":22},"end":{"line":51,"column":34}},{"start":{"line":51,"column":38},"end":{"line":51,"column":50}}]}}},"C:\\Users\\Jan\\Documents\\__Coding\\__GitHub\\wenn.js\\dist\\internal\\wenn\\keywords.js":{"path":"C:\\Users\\Jan\\Documents\\__Coding\\__GitHub\\wenn.js\\dist\\internal\\wenn\\keywords.js","s":{"1":1,"2":1,"3":1,"4":1,"5":11,"6":1,"7":1,"8":24,"9":1},"b":{},"f":{"1":11,"2":24},"fnMap":{"1":{"name":"Else","line":5,"loc":{"start":{"line":5,"column":0},"end":{"line":5,"column":20}}},"2":{"name":"Case","line":9,"loc":{"start":{"line":9,"column":0},"end":{"line":9,"column":23}}}},"statementMap":{"1":{"start":{"line":2,"column":0},"end":{"line":2,"column":62}},"2":{"start":{"line":3,"column":0},"end":{"line":3,"column":55}},"3":{"start":{"line":4,"column":0},"end":{"line":4,"column":39}},"4":{"start":{"line":5,"column":0},"end":{"line":7,"column":1}},"5":{"start":{"line":6,"column":4},"end":{"line":6,"column":69}},"6":{"start":{"line":8,"column":0},"end":{"line":8,"column":20}},"7":{"start":{"line":9,"column":0},"end":{"line":11,"column":1}},"8":{"start":{"line":10,"column":4},"end":{"line":10,"column":51}},"9":{"start":{"line":12,"column":0},"end":{"line":12,"column":20}}},"branchMap":{}},"C:\\Users\\Jan\\Documents\\__Coding\\__GitHub\\wenn.js\\dist\\internal\\wenn\\case-then.class.js":{"path":"C:\\Users\\Jan\\Documents\\__Coding\\__GitHub\\wenn.js\\dist\\internal\\wenn\\case-then.class.js","s":{"1":1,"2":1,"3":35,"4":35,"5":35,"6":35,"7":35,"8":1},"b":{},"f":{"1":35,"2":35},"fnMap":{"1":{"name":"(anonymous_1)","line":5,"loc":{"start":{"line":5,"column":15},"end":{"line":5,"column":27}}},"2":{"name":"(anonymous_2)","line":10,"loc":{"start":{"line":10,"column":8},"end":{"line":10,"column":15}}}},"statementMap":{"1":{"start":{"line":2,"column":0},"end":{"line":2,"column":62}},"2":{"start":{"line":3,"column":0},"end":{"line":3,"column":37}},"3":{"start":{"line":6,"column":8},"end":{"line":6,"column":16}},"4":{"start":{"line":7,"column":8},"end":{"line":7,"column":30}},"5":{"start":{"line":8,"column":8},"end":{"line":8,"column":28}},"6":{"start":{"line":11,"column":8},"end":{"line":11,"column":25}},"7":{"start":{"line":12,"column":8},"end":{"line":12,"column":20}},"8":{"start":{"line":15,"column":0},"end":{"line":15,"column":28}}},"branchMap":{}},"C:\\Users\\Jan\\Documents\\__Coding\\__GitHub\\wenn.js\\dist\\internal\\wenn\\models.js":{"path":"C:\\Users\\Jan\\Documents\\__Coding\\__GitHub\\wenn.js\\dist\\internal\\wenn\\models.js","s":{"1":1,"2":1},"b":{},"f":{},"fnMap":{},"statementMap":{"1":{"start":{"line":2,"column":0},"end":{"line":2,"column":62}},"2":{"start":{"line":5,"column":0},"end":{"line":5,"column":30}}},"branchMap":{}}}