TN:
SF:C:\Users\Jan\Documents\__Coding\__GitHub\wenn.js\dist\index.js
FN:2,__export
FNF:1
FNH:1
FNDA:3,__export
DA:2,1
DA:3,4
DA:5,1
DA:6,1
DA:7,1
DA:8,1
LF:6
LH:6
BRDA:3,1,0,4
BRDA:3,1,1,0
BRF:2
BRH:1
end_of_record
TN:
SF:C:\Users\Jan\Documents\__Coding\__GitHub\wenn.js\dist\internal\wenn\wenn.js
FN:5,wenn
FNF:1
FNH:1
FNDA:14,wenn
DA:2,1
DA:3,1
DA:4,1
DA:5,1
DA:6,14
DA:7,14
DA:8,14
DA:9,25
DA:10,25
DA:11,25
DA:12,25
DA:13,26
DA:14,3
DA:15,3
DA:17,26
DA:18,10
DA:22,4
DA:23,3
DA:26,1
DA:29,1
LF:20
LH:20
BRDA:11,1,0,25
BRDA:11,1,1,0
BRDA:13,2,0,3
BRDA:13,2,1,23
BRDA:17,3,0,10
BRDA:17,3,1,16
BRDA:22,4,0,3
BRDA:22,4,1,1
BRF:8
BRH:7
end_of_record
TN:
SF:C:\Users\Jan\Documents\__Coding\__GitHub\wenn.js\dist\internal\wenn\symbols.js
FNF:0
FNH:0
DA:2,1
DA:3,1
LF:2
LH:2
BRF:0
BRH:0
end_of_record
TN:
SF:C:\Users\Jan\Documents\__Coding\__GitHub\wenn.js\dist\internal\wenn\util.js
FN:4,applyOrReturn
FN:8,returnsTrueOrEquals
FNF:2
FNH:2
FNDA:13,applyOrReturn
FNDA:26,returnsTrueOrEquals
DA:2,1
DA:3,1
DA:4,1
DA:5,13
DA:7,1
DA:8,1
DA:9,26
DA:10,26
DA:12,1
LF:9
LH:9
BRDA:5,1,0,1
BRDA:5,1,1,12
BRDA:10,2,0,26
BRDA:10,2,1,8
BRDA:10,2,2,20
BRDA:10,2,3,18
BRF:6
BRH:6
end_of_record
TN:
SF:C:\Users\Jan\Documents\__Coding\__GitHub\wenn.js\dist\util\index.js
FN:4,instanceOf
FN:8,typeOf
FN:12,isFunction
FN:16,isNumeric
FN:21,startsWith
FN:25,includes
FN:29,endsWith
FN:34,isEven
FN:38,isOdd
FN:42,isPositive
FN:46,isNegative
FN:50,inRange
FN:55,inArray
FN:60,not
FNF:14
FNH:14
FNDA:1,instanceOf
FNDA:1,typeOf
FNDA:40,isFunction
FNDA:1,isNumeric
FNDA:3,startsWith
FNDA:1,includes
FNDA:1,endsWith
FNDA:2,isEven
FNDA:1,isOdd
FNDA:3,isPositive
FNDA:2,isNegative
FNDA:3,inRange
FNDA:3,inArray
FNDA:3,not
DA:3,1
DA:4,1
DA:5,1
DA:7,1
DA:8,1
DA:9,1
DA:11,1
DA:12,1
DA:13,40
DA:15,1
DA:16,1
DA:17,1
DA:19,1
DA:21,1
DA:22,3
DA:24,1
DA:25,1
DA:26,1
DA:28,1
DA:29,1
DA:30,1
DA:32,1
DA:34,1
DA:35,2
DA:37,1
DA:38,1
DA:39,1
DA:41,1
DA:42,1
DA:43,3
DA:45,1
DA:46,1
DA:47,2
DA:49,1
DA:50,1
DA:51,3
DA:53,1
DA:55,1
DA:56,3
DA:58,1
DA:60,1
DA:61,3
DA:63,1
LF:43
LH:43
BRDA:17,1,0,1
BRDA:17,1,1,1
BRDA:22,2,0,3
BRDA:22,2,1,3
BRDA:26,3,0,1
BRDA:26,3,1,1
BRDA:30,4,0,1
BRDA:30,4,1,1
BRDA:51,5,0,3
BRDA:51,5,1,3
BRF:10
BRH:10
end_of_record
TN:
SF:C:\Users\Jan\Documents\__Coding\__GitHub\wenn.js\dist\internal\wenn\keywords.js
FN:5,Else
FN:9,Case
FNF:2
FNH:2
FNDA:11,Else
FNDA:24,Case
DA:2,1
DA:3,1
DA:4,1
DA:5,1
DA:6,11
DA:8,1
DA:9,1
DA:10,24
DA:12,1
LF:9
LH:9
BRF:0
BRH:0
end_of_record
TN:
SF:C:\Users\Jan\Documents\__Coding\__GitHub\wenn.js\dist\internal\wenn\case-then.class.js
FN:5,(anonymous_1)
FN:10,(anonymous_2)
FNF:2
FNH:2
FNDA:35,(anonymous_1)
FNDA:35,(anonymous_2)
DA:2,1
DA:3,1
DA:6,35
DA:7,35
DA:8,35
DA:11,35
DA:12,35
DA:15,1
LF:8
LH:8
BRF:0
BRH:0
end_of_record
TN:
SF:C:\Users\Jan\Documents\__Coding\__GitHub\wenn.js\dist\internal\wenn\models.js
FNF:0
FNH:0
DA:2,1
DA:5,1
LF:2
LH:2
BRF:0
BRH:0
end_of_record
