TN:
SF:C:\Users\Jan\Documents\__Coding\__GitHub\wenn.js\dist\index.js
FN:2,__export
FNF:1
FNH:1
FNDA:4,__export
DA:2,1
DA:3,6
DA:5,1
DA:6,1
DA:7,1
DA:8,1
DA:9,1
DA:10,1
DA:11,1
LF:9
LH:9
BRDA:3,1,0,6
BRDA:3,1,1,0
BRF:2
BRH:1
end_of_record
TN:
SF:C:\Users\Jan\Documents\__Coding\__GitHub\wenn.js\dist\internal\wenn\wenn.js
FN:17,wenn
FNF:1
FNH:1
FNDA:14,wenn
DA:2,1
DA:3,1
DA:4,1
DA:5,1
DA:17,1
DA:18,14
DA:19,14
DA:20,14
DA:21,25
DA:22,25
DA:23,25
DA:24,25
DA:25,26
DA:26,3
DA:27,3
DA:29,26
DA:30,10
DA:34,4
DA:35,3
DA:38,1
DA:41,1
LF:21
LH:21
BRDA:23,1,0,25
BRDA:23,1,1,0
BRDA:25,2,0,3
BRDA:25,2,1,23
BRDA:29,3,0,10
BRDA:29,3,1,16
BRDA:34,4,0,3
BRDA:34,4,1,1
BRF:8
BRH:7
end_of_record
TN:
SF:C:\Users\Jan\Documents\__Coding\__GitHub\wenn.js\dist\internal\wenn\symbols.js
FNF:0
FNH:0
DA:2,1
DA:3,1
DA:4,1
LF:3
LH:3
BRF:0
BRH:0
end_of_record
TN:
SF:C:\Users\Jan\Documents\__Coding\__GitHub\wenn.js\dist\internal\wenn\util.js
FN:4,applyOrReturn
FN:8,returnsTrueOrEquals
FNF:2
FNH:2
FNDA:24,applyOrReturn
FNDA:42,returnsTrueOrEquals
DA:2,1
DA:3,1
DA:4,1
DA:5,24
DA:7,1
DA:8,1
DA:9,42
DA:10,42
DA:12,1
LF:9
LH:9
BRDA:5,1,0,12
BRDA:5,1,1,12
BRDA:10,2,0,42
BRDA:10,2,1,23
BRDA:10,2,2,25
BRDA:10,2,3,19
BRF:6
BRH:6
end_of_record
TN:
SF:C:\Users\Jan\Documents\__Coding\__GitHub\wenn.js\dist\util\index.js
FN:4,instanceOf
FN:8,typeOf
FN:12,isFunction
FN:16,isNumeric
FN:20,isUndefined
FN:24,isntUndefined
FN:29,startsWith
FN:33,includes
FN:37,endsWith
FN:42,isEven
FN:46,isOdd
FN:54,isPositive
FN:62,isNegative
FN:66,inRange
FN:71,inArray
FN:76,not
FN:80,always
FNF:17
FNH:17
FNDA:1,instanceOf
FNDA:1,typeOf
FNDA:67,isFunction
FNDA:1,isNumeric
FNDA:1,isUndefined
FNDA:10,isntUndefined
FNDA:3,startsWith
FNDA:1,includes
FNDA:1,endsWith
FNDA:2,isEven
FNDA:1,isOdd
FNDA:5,isPositive
FNDA:3,isNegative
FNDA:3,inRange
FNDA:3,inArray
FNDA:3,not
FNDA:3,always
DA:3,1
DA:4,1
DA:5,1
DA:7,1
DA:8,1
DA:9,1
DA:11,1
DA:12,1
DA:13,67
DA:15,1
DA:16,1
DA:17,1
DA:19,1
DA:20,1
DA:21,1
DA:23,1
DA:24,1
DA:25,10
DA:27,1
DA:29,1
DA:30,3
DA:32,1
DA:33,1
DA:34,1
DA:36,1
DA:37,1
DA:38,1
DA:40,1
DA:42,1
DA:43,2
DA:45,1
DA:46,1
DA:47,1
DA:49,1
DA:54,1
DA:55,5
DA:57,1
DA:62,1
DA:63,3
DA:65,1
DA:66,1
DA:67,3
DA:69,1
DA:71,1
DA:72,3
DA:74,1
DA:76,1
DA:77,3
DA:79,1
DA:80,1
DA:81,3
DA:83,1
LF:52
LH:52
BRDA:17,1,0,1
BRDA:17,1,1,1
BRDA:30,2,0,3
BRDA:30,2,1,3
BRDA:34,3,0,1
BRDA:34,3,1,1
BRDA:38,4,0,1
BRDA:38,4,1,1
BRDA:67,5,0,3
BRDA:67,5,1,3
BRF:10
BRH:10
end_of_record
TN:
SF:C:\Users\Jan\Documents\__Coding\__GitHub\wenn.js\dist\internal\wenn\errors.js
FN:4,(anonymous_1)
FNF:1
FNH:1
FNDA:1,(anonymous_1)
DA:2,1
DA:5,1
DA:8,1
LF:3
LH:3
BRF:0
BRH:0
end_of_record
TN:
SF:C:\Users\Jan\Documents\__Coding\__GitHub\wenn.js\dist\internal\wenn\keywords.js
FN:11,Else
FN:21,Case
FN:25,Break
FNF:3
FNH:3
FNDA:11,Else
FNDA:42,Case
FNDA:2,Break
DA:2,1
DA:3,1
DA:4,1
DA:11,1
DA:12,11
DA:14,1
DA:21,1
DA:22,42
DA:24,1
DA:25,1
DA:26,2
DA:28,1
LF:12
LH:12
BRF:0
BRH:0
end_of_record
TN:
SF:C:\Users\Jan\Documents\__Coding\__GitHub\wenn.js\dist\internal\wenn\classes.js
FN:4,(anonymous_1)
FN:11,(anonymous_2)
FN:14,(anonymous_3)
FNF:3
FNH:3
FNDA:54,(anonymous_1)
FNDA:55,(anonymous_2)
FNDA:54,(anonymous_3)
DA:2,1
DA:5,54
DA:6,54
DA:9,1
DA:12,55
DA:15,54
DA:18,1
LF:7
LH:7
BRF:0
BRH:0
end_of_record
TN:
SF:C:\Users\Jan\Documents\__Coding\__GitHub\wenn.js\dist\internal\wenn\wenn.chain.js
FN:26,wennChain
FNF:1
FNH:1
FNDA:5,wennChain
DA:2,1
DA:3,1
DA:4,1
DA:5,1
DA:26,1
DA:27,5
DA:28,5
DA:29,5
DA:30,5
DA:31,5
DA:32,17
DA:33,17
DA:34,17
DA:35,17
DA:36,17
DA:37,0
DA:38,0
DA:40,17
DA:41,1
DA:43,16
DA:44,11
DA:45,11
DA:49,4
DA:50,4
DA:52,0
DA:53,0
DA:56,0
DA:59,1
LF:28
LH:23
BRDA:34,1,0,17
BRDA:34,1,1,0
BRDA:36,2,0,0
BRDA:36,2,1,17
BRDA:40,3,0,1
BRDA:40,3,1,16
BRDA:40,4,0,17
BRDA:40,4,1,10
BRDA:43,5,0,11
BRDA:43,5,1,5
BRDA:49,6,0,4
BRDA:49,6,1,0
BRDA:52,7,0,0
BRDA:52,7,1,0
BRF:14
BRH:9
end_of_record
TN:
SF:C:\Users\Jan\Documents\__Coding\__GitHub\wenn.js\dist\internal\wenn\wenn.elvis.js
FN:16,wennElvis
FN:27,elvis
FN:36,elvisCurried
FNF:3
FNH:3
FNDA:3,wennElvis
FNDA:7,elvis
FNDA:7,elvisCurried
DA:2,1
DA:3,1
DA:4,1
DA:5,1
DA:16,1
DA:17,9
DA:21,1
DA:27,1
DA:29,14
DA:31,1
DA:36,1
DA:37,7
DA:39,1
LF:13
LH:13
BRDA:18,1,0,6
BRDA:18,1,1,3
BRDA:29,2,0,7
BRDA:29,2,1,0
BRDA:29,3,0,14
BRDA:29,3,1,14
BRF:6
BRH:5
end_of_record
